<?xml version="1.0" encoding="UTF-8" ?>
<testsuite tests="3" failures="0" name="com.mycompany.progseminar.week2.PieceTest" time="0.109" errors="0" skipped="0">
  <properties>
[...]
</properties>
  <testcase classname="com.mycompany.progseminar.week2.PieceTest" name="testComparePoints" time="0.003"/>
  <testcase classname="com.mycompany.progseminar.week2.PieceTest" name="testAdd" time="0.051"/>
  <testcase classname="com.mycompany.progseminar.week2.PieceTest" name="testRotation" time="0"/>
</testsuite>